<?xml version="1.0" encoding="UTF-8"?>
<testng-results skipped="3" failed="0" ignored="0" total="3" passed="0">
  <reporter-output>
  </reporter-output>
  <suite name="Suite" duration-ms="4862" started-at="2020-09-27T18:06:26 IST" finished-at="2020-09-27T18:06:31 IST">
    <groups>
    </groups>
    <test name="Test" duration-ms="4862" started-at="2020-09-27T18:06:26 IST" finished-at="2020-09-27T18:06:31 IST">
      <class name="org.leaftaps.Testcases.CreateLead">
        <test-method status="PASS" signature="setdata()[pri:0, instance:org.leaftaps.Testcases.CreateLead@7f13d6e]" name="setdata" is-config="true" duration-ms="28" started-at="2020-09-27T18:06:26 IST" finished-at="2020-09-27T18:06:26 IST">
          <reporter-output>
          </reporter-output>
        </test-method> <!-- setdata -->
        <test-method status="FAIL" signature="Login(java.lang.String)[pri:0, instance:org.leaftaps.Testcases.CreateLead@7f13d6e]" name="Login" is-config="true" duration-ms="4004" started-at="2020-09-27T18:06:27 IST" finished-at="2020-09-27T18:06:31 IST">
          <params>
            <param index="0">
              <value>
                <![CDATA[http://leaftaps.com/opentaps/]]>
              </value>
            </param>
          </params>
          <exception class="org.openqa.selenium.SessionNotCreatedException">
            <message>
              <![CDATA[session not created: This version of ChromeDriver only supports Chrome version 80
Build info: version: '3.141.59', revision: 'e82be7d358', time: '2018-11-14T08:17:03'
System info: host: 'LAPTOP-U70BNK13', ip: '192.168.1.2', os.name: 'Windows 10', os.arch: 'amd64', os.version: '10.0', java.version: '1.8.0_171'
Driver info: driver.version: ChromeDriver
remote stacktrace: Backtrace:
Ordinal0 [0x00330C83+1707139]
Ordinal0 [0x002968F1+1075441]
Ordinal0 [0x0020DFC9+516041]
Ordinal0 [0x001A0554+66900]
Ordinal0 [0x0019CCE2+52450]
Ordinal0 [0x001BBFD7+180183]
Ordinal0 [0x001BBDDD+179677]
Ordinal0 [0x001B9D4B+171339]
Ordinal0 [0x001A1D4A+73034]
Ordinal0 [0x001A2DC0+77248]
Ordinal0 [0x001A2D59+77145]
Ordinal0 [0x002ABB67+1162087]
GetHandleVerifier [0x003CA966+508998]
GetHandleVerifier [0x003CA6A4+508292]
GetHandleVerifier [0x003DF7B7+594583]
GetHandleVerifier [0x003CB1D6+511158]
Ordinal0 [0x002A402C+1130540]
Ordinal0 [0x002AD4CB+1168587]
Ordinal0 [0x002AD633+1168947]
Ordinal0 [0x002C5B35+1268533]
BaseThreadInitThunk [0x75F5F989+25]
RtlGetAppContainerNamedObjectPath [0x773B74B4+228]
RtlGetAppContainerNamedObjectPath [0x773B7484+180]
]]>
            </message>
            <full-stacktrace>
              <![CDATA[org.openqa.selenium.SessionNotCreatedException: session not created: This version of ChromeDriver only supports Chrome version 80
Build info: version: '3.141.59', revision: 'e82be7d358', time: '2018-11-14T08:17:03'
System info: host: 'LAPTOP-U70BNK13', ip: '192.168.1.2', os.name: 'Windows 10', os.arch: 'amd64', os.version: '10.0', java.version: '1.8.0_171'
Driver info: driver.version: ChromeDriver
remote stacktrace: Backtrace:
Ordinal0 [0x00330C83+1707139]
Ordinal0 [0x002968F1+1075441]
Ordinal0 [0x0020DFC9+516041]
Ordinal0 [0x001A0554+66900]
Ordinal0 [0x0019CCE2+52450]
Ordinal0 [0x001BBFD7+180183]
Ordinal0 [0x001BBDDD+179677]
Ordinal0 [0x001B9D4B+171339]
Ordinal0 [0x001A1D4A+73034]
Ordinal0 [0x001A2DC0+77248]
Ordinal0 [0x001A2D59+77145]
Ordinal0 [0x002ABB67+1162087]
GetHandleVerifier [0x003CA966+508998]
GetHandleVerifier [0x003CA6A4+508292]
GetHandleVerifier [0x003DF7B7+594583]
GetHandleVerifier [0x003CB1D6+511158]
Ordinal0 [0x002A402C+1130540]
Ordinal0 [0x002AD4CB+1168587]
Ordinal0 [0x002AD633+1168947]
Ordinal0 [0x002C5B35+1268533]
BaseThreadInitThunk [0x75F5F989+25]
RtlGetAppContainerNamedObjectPath [0x773B74B4+228]
RtlGetAppContainerNamedObjectPath [0x773B7484+180]

at sun.reflect.NativeConstructorAccessorImpl.newInstance0(Native Method)
at sun.reflect.NativeConstructorAccessorImpl.newInstance(Unknown Source)
at sun.reflect.DelegatingConstructorAccessorImpl.newInstance(Unknown Source)
at java.lang.reflect.Constructor.newInstance(Unknown Source)
at org.openqa.selenium.remote.W3CHandshakeResponse.lambda$errorHandler$0(W3CHandshakeResponse.java:62)
at org.openqa.selenium.remote.HandshakeResponse.lambda$getResponseFunction$0(HandshakeResponse.java:30)
at org.openqa.selenium.remote.ProtocolHandshake.lambda$createSession$0(ProtocolHandshake.java:126)
at java.util.stream.ReferencePipeline$3$1.accept(Unknown Source)
at java.util.Spliterators$ArraySpliterator.tryAdvance(Unknown Source)
at java.util.stream.ReferencePipeline.forEachWithCancel(Unknown Source)
at java.util.stream.AbstractPipeline.copyIntoWithCancel(Unknown Source)
at java.util.stream.AbstractPipeline.copyInto(Unknown Source)
at java.util.stream.AbstractPipeline.wrapAndCopyInto(Unknown Source)
at java.util.stream.FindOps$FindOp.evaluateSequential(Unknown Source)
at java.util.stream.AbstractPipeline.evaluate(Unknown Source)
at java.util.stream.ReferencePipeline.findFirst(Unknown Source)
at org.openqa.selenium.remote.ProtocolHandshake.createSession(ProtocolHandshake.java:128)
at org.openqa.selenium.remote.ProtocolHandshake.createSession(ProtocolHandshake.java:74)
at org.openqa.selenium.remote.HttpCommandExecutor.execute(HttpCommandExecutor.java:136)
at org.openqa.selenium.remote.service.DriverCommandExecutor.execute(DriverCommandExecutor.java:83)
at org.openqa.selenium.remote.RemoteWebDriver.execute(RemoteWebDriver.java:552)
at org.openqa.selenium.remote.RemoteWebDriver.startSession(RemoteWebDriver.java:213)
at org.openqa.selenium.remote.RemoteWebDriver.<init>(RemoteWebDriver.java:131)
at org.openqa.selenium.chrome.ChromeDriver.<init>(ChromeDriver.java:181)
at org.openqa.selenium.chrome.ChromeDriver.<init>(ChromeDriver.java:168)
at org.openqa.selenium.chrome.ChromeDriver.<init>(ChromeDriver.java:123)
at org.leaftaps.base.api.Superclassforparameterconcept.Login(Superclassforparameterconcept.java:26)
at sun.reflect.NativeMethodAccessorImpl.invoke0(Native Method)
at sun.reflect.NativeMethodAccessorImpl.invoke(Unknown Source)
at sun.reflect.DelegatingMethodAccessorImpl.invoke(Unknown Source)
at java.lang.reflect.Method.invoke(Unknown Source)
at org.testng.internal.MethodInvocationHelper.invokeMethod(MethodInvocationHelper.java:133)
at org.testng.internal.MethodInvocationHelper.invokeMethodConsideringTimeout(MethodInvocationHelper.java:62)
at org.testng.internal.ConfigInvoker.invokeConfigurationMethod(ConfigInvoker.java:340)
at org.testng.internal.ConfigInvoker.invokeConfigurations(ConfigInvoker.java:294)
at org.testng.internal.TestInvoker.runConfigMethods(TestInvoker.java:683)
at org.testng.internal.TestInvoker.invokeMethod(TestInvoker.java:510)
at org.testng.internal.TestInvoker.invokeTestMethod(TestInvoker.java:172)
at org.testng.internal.MethodRunner.runInSequence(MethodRunner.java:46)
at org.testng.internal.TestInvoker$MethodInvocationAgent.invoke(TestInvoker.java:804)
at org.testng.internal.TestInvoker.invokeTestMethods(TestInvoker.java:145)
at org.testng.internal.TestMethodWorker.invokeTestMethods(TestMethodWorker.java:146)
at org.testng.internal.TestMethodWorker.run(TestMethodWorker.java:128)
at java.util.ArrayList.forEach(Unknown Source)
at org.testng.TestRunner.privateRun(TestRunner.java:770)
at org.testng.TestRunner.run(TestRunner.java:591)
at org.testng.SuiteRunner.runTest(SuiteRunner.java:402)
at org.testng.SuiteRunner.runSequentially(SuiteRunner.java:396)
at org.testng.SuiteRunner.privateRun(SuiteRunner.java:355)
at org.testng.SuiteRunner.run(SuiteRunner.java:304)
at org.testng.SuiteRunnerWorker.runSuite(SuiteRunnerWorker.java:53)
at org.testng.SuiteRunnerWorker.run(SuiteRunnerWorker.java:96)
at org.testng.TestNG.runSuitesSequentially(TestNG.java:1180)
at org.testng.TestNG.runSuitesLocally(TestNG.java:1102)
at org.testng.TestNG.runSuites(TestNG.java:1032)
at org.testng.TestNG.run(TestNG.java:1000)
at org.testng.remote.AbstractRemoteTestNG.run(AbstractRemoteTestNG.java:115)
at org.testng.remote.RemoteTestNG.initAndRun(RemoteTestNG.java:251)
at org.testng.remote.RemoteTestNG.main(RemoteTestNG.java:77)
]]>
            </full-stacktrace>
          </exception> <!-- org.openqa.selenium.SessionNotCreatedException -->
          <reporter-output>
          </reporter-output>
        </test-method> <!-- Login -->
        <test-method status="SKIP" signature="createlead(java.lang.String, java.lang.String, java.lang.String, java.lang.String, java.lang.String, java.lang.String)[pri:0, instance:org.leaftaps.Testcases.CreateLead@7f13d6e]" name="createlead" duration-ms="0" started-at="2020-09-27T18:06:31 IST" data-provider="providedata" finished-at="2020-09-27T18:06:31 IST">
          <exception class="org.openqa.selenium.SessionNotCreatedException">
            <message>
              <![CDATA[session not created: This version of ChromeDriver only supports Chrome version 80
Build info: version: '3.141.59', revision: 'e82be7d358', time: '2018-11-14T08:17:03'
System info: host: 'LAPTOP-U70BNK13', ip: '192.168.1.2', os.name: 'Windows 10', os.arch: 'amd64', os.version: '10.0', java.version: '1.8.0_171'
Driver info: driver.version: ChromeDriver
remote stacktrace: Backtrace:
Ordinal0 [0x00330C83+1707139]
Ordinal0 [0x002968F1+1075441]
Ordinal0 [0x0020DFC9+516041]
Ordinal0 [0x001A0554+66900]
Ordinal0 [0x0019CCE2+52450]
Ordinal0 [0x001BBFD7+180183]
Ordinal0 [0x001BBDDD+179677]
Ordinal0 [0x001B9D4B+171339]
Ordinal0 [0x001A1D4A+73034]
Ordinal0 [0x001A2DC0+77248]
Ordinal0 [0x001A2D59+77145]
Ordinal0 [0x002ABB67+1162087]
GetHandleVerifier [0x003CA966+508998]
GetHandleVerifier [0x003CA6A4+508292]
GetHandleVerifier [0x003DF7B7+594583]
GetHandleVerifier [0x003CB1D6+511158]
Ordinal0 [0x002A402C+1130540]
Ordinal0 [0x002AD4CB+1168587]
Ordinal0 [0x002AD633+1168947]
Ordinal0 [0x002C5B35+1268533]
BaseThreadInitThunk [0x75F5F989+25]
RtlGetAppContainerNamedObjectPath [0x773B74B4+228]
RtlGetAppContainerNamedObjectPath [0x773B7484+180]
]]>
            </message>
            <full-stacktrace>
              <![CDATA[org.openqa.selenium.SessionNotCreatedException: session not created: This version of ChromeDriver only supports Chrome version 80
Build info: version: '3.141.59', revision: 'e82be7d358', time: '2018-11-14T08:17:03'
System info: host: 'LAPTOP-U70BNK13', ip: '192.168.1.2', os.name: 'Windows 10', os.arch: 'amd64', os.version: '10.0', java.version: '1.8.0_171'
Driver info: driver.version: ChromeDriver
remote stacktrace: Backtrace:
Ordinal0 [0x00330C83+1707139]
Ordinal0 [0x002968F1+1075441]
Ordinal0 [0x0020DFC9+516041]
Ordinal0 [0x001A0554+66900]
Ordinal0 [0x0019CCE2+52450]
Ordinal0 [0x001BBFD7+180183]
Ordinal0 [0x001BBDDD+179677]
Ordinal0 [0x001B9D4B+171339]
Ordinal0 [0x001A1D4A+73034]
Ordinal0 [0x001A2DC0+77248]
Ordinal0 [0x001A2D59+77145]
Ordinal0 [0x002ABB67+1162087]
GetHandleVerifier [0x003CA966+508998]
GetHandleVerifier [0x003CA6A4+508292]
GetHandleVerifier [0x003DF7B7+594583]
GetHandleVerifier [0x003CB1D6+511158]
Ordinal0 [0x002A402C+1130540]
Ordinal0 [0x002AD4CB+1168587]
Ordinal0 [0x002AD633+1168947]
Ordinal0 [0x002C5B35+1268533]
BaseThreadInitThunk [0x75F5F989+25]
RtlGetAppContainerNamedObjectPath [0x773B74B4+228]
RtlGetAppContainerNamedObjectPath [0x773B7484+180]

at sun.reflect.NativeConstructorAccessorImpl.newInstance0(Native Method)
at sun.reflect.NativeConstructorAccessorImpl.newInstance(Unknown Source)
at sun.reflect.DelegatingConstructorAccessorImpl.newInstance(Unknown Source)
at java.lang.reflect.Constructor.newInstance(Unknown Source)
at org.openqa.selenium.remote.W3CHandshakeResponse.lambda$errorHandler$0(W3CHandshakeResponse.java:62)
at org.openqa.selenium.remote.HandshakeResponse.lambda$getResponseFunction$0(HandshakeResponse.java:30)
at org.openqa.selenium.remote.ProtocolHandshake.lambda$createSession$0(ProtocolHandshake.java:126)
at java.util.stream.ReferencePipeline$3$1.accept(Unknown Source)
at java.util.Spliterators$ArraySpliterator.tryAdvance(Unknown Source)
at java.util.stream.ReferencePipeline.forEachWithCancel(Unknown Source)
at java.util.stream.AbstractPipeline.copyIntoWithCancel(Unknown Source)
at java.util.stream.AbstractPipeline.copyInto(Unknown Source)
at java.util.stream.AbstractPipeline.wrapAndCopyInto(Unknown Source)
at java.util.stream.FindOps$FindOp.evaluateSequential(Unknown Source)
at java.util.stream.AbstractPipeline.evaluate(Unknown Source)
at java.util.stream.ReferencePipeline.findFirst(Unknown Source)
at org.openqa.selenium.remote.ProtocolHandshake.createSession(ProtocolHandshake.java:128)
at org.openqa.selenium.remote.ProtocolHandshake.createSession(ProtocolHandshake.java:74)
at org.openqa.selenium.remote.HttpCommandExecutor.execute(HttpCommandExecutor.java:136)
at org.openqa.selenium.remote.service.DriverCommandExecutor.execute(DriverCommandExecutor.java:83)
at org.openqa.selenium.remote.RemoteWebDriver.execute(RemoteWebDriver.java:552)
at org.openqa.selenium.remote.RemoteWebDriver.startSession(RemoteWebDriver.java:213)
at org.openqa.selenium.remote.RemoteWebDriver.<init>(RemoteWebDriver.java:131)
at org.openqa.selenium.chrome.ChromeDriver.<init>(ChromeDriver.java:181)
at org.openqa.selenium.chrome.ChromeDriver.<init>(ChromeDriver.java:168)
at org.openqa.selenium.chrome.ChromeDriver.<init>(ChromeDriver.java:123)
at org.leaftaps.base.api.Superclassforparameterconcept.Login(Superclassforparameterconcept.java:26)
at sun.reflect.NativeMethodAccessorImpl.invoke0(Native Method)
at sun.reflect.NativeMethodAccessorImpl.invoke(Unknown Source)
at sun.reflect.DelegatingMethodAccessorImpl.invoke(Unknown Source)
at java.lang.reflect.Method.invoke(Unknown Source)
at org.testng.internal.MethodInvocationHelper.invokeMethod(MethodInvocationHelper.java:133)
at org.testng.internal.MethodInvocationHelper.invokeMethodConsideringTimeout(MethodInvocationHelper.java:62)
at org.testng.internal.ConfigInvoker.invokeConfigurationMethod(ConfigInvoker.java:340)
at org.testng.internal.ConfigInvoker.invokeConfigurations(ConfigInvoker.java:294)
at org.testng.internal.TestInvoker.runConfigMethods(TestInvoker.java:683)
at org.testng.internal.TestInvoker.invokeMethod(TestInvoker.java:510)
at org.testng.internal.TestInvoker.invokeTestMethod(TestInvoker.java:172)
at org.testng.internal.MethodRunner.runInSequence(MethodRunner.java:46)
at org.testng.internal.TestInvoker$MethodInvocationAgent.invoke(TestInvoker.java:804)
at org.testng.internal.TestInvoker.invokeTestMethods(TestInvoker.java:145)
at org.testng.internal.TestMethodWorker.invokeTestMethods(TestMethodWorker.java:146)
at org.testng.internal.TestMethodWorker.run(TestMethodWorker.java:128)
at java.util.ArrayList.forEach(Unknown Source)
at org.testng.TestRunner.privateRun(TestRunner.java:770)
at org.testng.TestRunner.run(TestRunner.java:591)
at org.testng.SuiteRunner.runTest(SuiteRunner.java:402)
at org.testng.SuiteRunner.runSequentially(SuiteRunner.java:396)
at org.testng.SuiteRunner.privateRun(SuiteRunner.java:355)
at org.testng.SuiteRunner.run(SuiteRunner.java:304)
at org.testng.SuiteRunnerWorker.runSuite(SuiteRunnerWorker.java:53)
at org.testng.SuiteRunnerWorker.run(SuiteRunnerWorker.java:96)
at org.testng.TestNG.runSuitesSequentially(TestNG.java:1180)
at org.testng.TestNG.runSuitesLocally(TestNG.java:1102)
at org.testng.TestNG.runSuites(TestNG.java:1032)
at org.testng.TestNG.run(TestNG.java:1000)
at org.testng.remote.AbstractRemoteTestNG.run(AbstractRemoteTestNG.java:115)
at org.testng.remote.RemoteTestNG.initAndRun(RemoteTestNG.java:251)
at org.testng.remote.RemoteTestNG.main(RemoteTestNG.java:77)
]]>
            </full-stacktrace>
          </exception> <!-- org.openqa.selenium.SessionNotCreatedException -->
          <reporter-output>
          </reporter-output>
        </test-method> <!-- createlead -->
        <test-method status="SKIP" signature="CloseBrowser()[pri:0, instance:org.leaftaps.Testcases.CreateLead@7f13d6e]" name="CloseBrowser" is-config="true" duration-ms="-1601210191794" started-at="2020-09-27T18:06:31 IST" finished-at="1970-01-01T05:30:00 IST">
          <reporter-output>
          </reporter-output>
        </test-method> <!-- CloseBrowser -->
        <test-method status="SKIP" signature="Login(java.lang.String)[pri:0, instance:org.leaftaps.Testcases.CreateLead@7f13d6e]" name="Login" is-config="true" duration-ms="-1601210191796" started-at="2020-09-27T18:06:31 IST" finished-at="1970-01-01T05:30:00 IST">
          <reporter-output>
          </reporter-output>
        </test-method> <!-- Login -->
        <test-method status="SKIP" signature="createlead(java.lang.String, java.lang.String, java.lang.String, java.lang.String, java.lang.String, java.lang.String)[pri:0, instance:org.leaftaps.Testcases.CreateLead@7f13d6e]" name="createlead" duration-ms="0" started-at="2020-09-27T18:06:31 IST" data-provider="providedata" finished-at="2020-09-27T18:06:31 IST">
          <exception class="org.openqa.selenium.SessionNotCreatedException">
            <message>
              <![CDATA[session not created: This version of ChromeDriver only supports Chrome version 80
Build info: version: '3.141.59', revision: 'e82be7d358', time: '2018-11-14T08:17:03'
System info: host: 'LAPTOP-U70BNK13', ip: '192.168.1.2', os.name: 'Windows 10', os.arch: 'amd64', os.version: '10.0', java.version: '1.8.0_171'
Driver info: driver.version: ChromeDriver
remote stacktrace: Backtrace:
Ordinal0 [0x00330C83+1707139]
Ordinal0 [0x002968F1+1075441]
Ordinal0 [0x0020DFC9+516041]
Ordinal0 [0x001A0554+66900]
Ordinal0 [0x0019CCE2+52450]
Ordinal0 [0x001BBFD7+180183]
Ordinal0 [0x001BBDDD+179677]
Ordinal0 [0x001B9D4B+171339]
Ordinal0 [0x001A1D4A+73034]
Ordinal0 [0x001A2DC0+77248]
Ordinal0 [0x001A2D59+77145]
Ordinal0 [0x002ABB67+1162087]
GetHandleVerifier [0x003CA966+508998]
GetHandleVerifier [0x003CA6A4+508292]
GetHandleVerifier [0x003DF7B7+594583]
GetHandleVerifier [0x003CB1D6+511158]
Ordinal0 [0x002A402C+1130540]
Ordinal0 [0x002AD4CB+1168587]
Ordinal0 [0x002AD633+1168947]
Ordinal0 [0x002C5B35+1268533]
BaseThreadInitThunk [0x75F5F989+25]
RtlGetAppContainerNamedObjectPath [0x773B74B4+228]
RtlGetAppContainerNamedObjectPath [0x773B7484+180]
]]>
            </message>
            <full-stacktrace>
              <![CDATA[org.openqa.selenium.SessionNotCreatedException: session not created: This version of ChromeDriver only supports Chrome version 80
Build info: version: '3.141.59', revision: 'e82be7d358', time: '2018-11-14T08:17:03'
System info: host: 'LAPTOP-U70BNK13', ip: '192.168.1.2', os.name: 'Windows 10', os.arch: 'amd64', os.version: '10.0', java.version: '1.8.0_171'
Driver info: driver.version: ChromeDriver
remote stacktrace: Backtrace:
Ordinal0 [0x00330C83+1707139]
Ordinal0 [0x002968F1+1075441]
Ordinal0 [0x0020DFC9+516041]
Ordinal0 [0x001A0554+66900]
Ordinal0 [0x0019CCE2+52450]
Ordinal0 [0x001BBFD7+180183]
Ordinal0 [0x001BBDDD+179677]
Ordinal0 [0x001B9D4B+171339]
Ordinal0 [0x001A1D4A+73034]
Ordinal0 [0x001A2DC0+77248]
Ordinal0 [0x001A2D59+77145]
Ordinal0 [0x002ABB67+1162087]
GetHandleVerifier [0x003CA966+508998]
GetHandleVerifier [0x003CA6A4+508292]
GetHandleVerifier [0x003DF7B7+594583]
GetHandleVerifier [0x003CB1D6+511158]
Ordinal0 [0x002A402C+1130540]
Ordinal0 [0x002AD4CB+1168587]
Ordinal0 [0x002AD633+1168947]
Ordinal0 [0x002C5B35+1268533]
BaseThreadInitThunk [0x75F5F989+25]
RtlGetAppContainerNamedObjectPath [0x773B74B4+228]
RtlGetAppContainerNamedObjectPath [0x773B7484+180]

at sun.reflect.NativeConstructorAccessorImpl.newInstance0(Native Method)
at sun.reflect.NativeConstructorAccessorImpl.newInstance(Unknown Source)
at sun.reflect.DelegatingConstructorAccessorImpl.newInstance(Unknown Source)
at java.lang.reflect.Constructor.newInstance(Unknown Source)
at org.openqa.selenium.remote.W3CHandshakeResponse.lambda$errorHandler$0(W3CHandshakeResponse.java:62)
at org.openqa.selenium.remote.HandshakeResponse.lambda$getResponseFunction$0(HandshakeResponse.java:30)
at org.openqa.selenium.remote.ProtocolHandshake.lambda$createSession$0(ProtocolHandshake.java:126)
at java.util.stream.ReferencePipeline$3$1.accept(Unknown Source)
at java.util.Spliterators$ArraySpliterator.tryAdvance(Unknown Source)
at java.util.stream.ReferencePipeline.forEachWithCancel(Unknown Source)
at java.util.stream.AbstractPipeline.copyIntoWithCancel(Unknown Source)
at java.util.stream.AbstractPipeline.copyInto(Unknown Source)
at java.util.stream.AbstractPipeline.wrapAndCopyInto(Unknown Source)
at java.util.stream.FindOps$FindOp.evaluateSequential(Unknown Source)
at java.util.stream.AbstractPipeline.evaluate(Unknown Source)
at java.util.stream.ReferencePipeline.findFirst(Unknown Source)
at org.openqa.selenium.remote.ProtocolHandshake.createSession(ProtocolHandshake.java:128)
at org.openqa.selenium.remote.ProtocolHandshake.createSession(ProtocolHandshake.java:74)
at org.openqa.selenium.remote.HttpCommandExecutor.execute(HttpCommandExecutor.java:136)
at org.openqa.selenium.remote.service.DriverCommandExecutor.execute(DriverCommandExecutor.java:83)
at org.openqa.selenium.remote.RemoteWebDriver.execute(RemoteWebDriver.java:552)
at org.openqa.selenium.remote.RemoteWebDriver.startSession(RemoteWebDriver.java:213)
at org.openqa.selenium.remote.RemoteWebDriver.<init>(RemoteWebDriver.java:131)
at org.openqa.selenium.chrome.ChromeDriver.<init>(ChromeDriver.java:181)
at org.openqa.selenium.chrome.ChromeDriver.<init>(ChromeDriver.java:168)
at org.openqa.selenium.chrome.ChromeDriver.<init>(ChromeDriver.java:123)
at org.leaftaps.base.api.Superclassforparameterconcept.Login(Superclassforparameterconcept.java:26)
at sun.reflect.NativeMethodAccessorImpl.invoke0(Native Method)
at sun.reflect.NativeMethodAccessorImpl.invoke(Unknown Source)
at sun.reflect.DelegatingMethodAccessorImpl.invoke(Unknown Source)
at java.lang.reflect.Method.invoke(Unknown Source)
at org.testng.internal.MethodInvocationHelper.invokeMethod(MethodInvocationHelper.java:133)
at org.testng.internal.MethodInvocationHelper.invokeMethodConsideringTimeout(MethodInvocationHelper.java:62)
at org.testng.internal.ConfigInvoker.invokeConfigurationMethod(ConfigInvoker.java:340)
at org.testng.internal.ConfigInvoker.invokeConfigurations(ConfigInvoker.java:294)
at org.testng.internal.TestInvoker.runConfigMethods(TestInvoker.java:683)
at org.testng.internal.TestInvoker.invokeMethod(TestInvoker.java:510)
at org.testng.internal.TestInvoker.invokeTestMethod(TestInvoker.java:172)
at org.testng.internal.MethodRunner.runInSequence(MethodRunner.java:46)
at org.testng.internal.TestInvoker$MethodInvocationAgent.invoke(TestInvoker.java:804)
at org.testng.internal.TestInvoker.invokeTestMethods(TestInvoker.java:145)
at org.testng.internal.TestMethodWorker.invokeTestMethods(TestMethodWorker.java:146)
at org.testng.internal.TestMethodWorker.run(TestMethodWorker.java:128)
at java.util.ArrayList.forEach(Unknown Source)
at org.testng.TestRunner.privateRun(TestRunner.java:770)
at org.testng.TestRunner.run(TestRunner.java:591)
at org.testng.SuiteRunner.runTest(SuiteRunner.java:402)
at org.testng.SuiteRunner.runSequentially(SuiteRunner.java:396)
at org.testng.SuiteRunner.privateRun(SuiteRunner.java:355)
at org.testng.SuiteRunner.run(SuiteRunner.java:304)
at org.testng.SuiteRunnerWorker.runSuite(SuiteRunnerWorker.java:53)
at org.testng.SuiteRunnerWorker.run(SuiteRunnerWorker.java:96)
at org.testng.TestNG.runSuitesSequentially(TestNG.java:1180)
at org.testng.TestNG.runSuitesLocally(TestNG.java:1102)
at org.testng.TestNG.runSuites(TestNG.java:1032)
at org.testng.TestNG.run(TestNG.java:1000)
at org.testng.remote.AbstractRemoteTestNG.run(AbstractRemoteTestNG.java:115)
at org.testng.remote.RemoteTestNG.initAndRun(RemoteTestNG.java:251)
at org.testng.remote.RemoteTestNG.main(RemoteTestNG.java:77)
]]>
            </full-stacktrace>
          </exception> <!-- org.openqa.selenium.SessionNotCreatedException -->
          <reporter-output>
          </reporter-output>
        </test-method> <!-- createlead -->
        <test-method status="SKIP" signature="CloseBrowser()[pri:0, instance:org.leaftaps.Testcases.CreateLead@7f13d6e]" name="CloseBrowser" is-config="true" duration-ms="-1601210191801" started-at="2020-09-27T18:06:31 IST" finished-at="1970-01-01T05:30:00 IST">
          <reporter-output>
          </reporter-output>
        </test-method> <!-- CloseBrowser -->
        <test-method status="SKIP" signature="Login(java.lang.String)[pri:0, instance:org.leaftaps.Testcases.CreateLead@7f13d6e]" name="Login" is-config="true" duration-ms="-1601210191802" started-at="2020-09-27T18:06:31 IST" finished-at="1970-01-01T05:30:00 IST">
          <reporter-output>
          </reporter-output>
        </test-method> <!-- Login -->
        <test-method status="SKIP" signature="createlead(java.lang.String, java.lang.String, java.lang.String, java.lang.String, java.lang.String, java.lang.String)[pri:0, instance:org.leaftaps.Testcases.CreateLead@7f13d6e]" name="createlead" duration-ms="0" started-at="2020-09-27T18:06:31 IST" data-provider="providedata" finished-at="2020-09-27T18:06:31 IST">
          <exception class="org.openqa.selenium.SessionNotCreatedException">
            <message>
              <![CDATA[session not created: This version of ChromeDriver only supports Chrome version 80
Build info: version: '3.141.59', revision: 'e82be7d358', time: '2018-11-14T08:17:03'
System info: host: 'LAPTOP-U70BNK13', ip: '192.168.1.2', os.name: 'Windows 10', os.arch: 'amd64', os.version: '10.0', java.version: '1.8.0_171'
Driver info: driver.version: ChromeDriver
remote stacktrace: Backtrace:
Ordinal0 [0x00330C83+1707139]
Ordinal0 [0x002968F1+1075441]
Ordinal0 [0x0020DFC9+516041]
Ordinal0 [0x001A0554+66900]
Ordinal0 [0x0019CCE2+52450]
Ordinal0 [0x001BBFD7+180183]
Ordinal0 [0x001BBDDD+179677]
Ordinal0 [0x001B9D4B+171339]
Ordinal0 [0x001A1D4A+73034]
Ordinal0 [0x001A2DC0+77248]
Ordinal0 [0x001A2D59+77145]
Ordinal0 [0x002ABB67+1162087]
GetHandleVerifier [0x003CA966+508998]
GetHandleVerifier [0x003CA6A4+508292]
GetHandleVerifier [0x003DF7B7+594583]
GetHandleVerifier [0x003CB1D6+511158]
Ordinal0 [0x002A402C+1130540]
Ordinal0 [0x002AD4CB+1168587]
Ordinal0 [0x002AD633+1168947]
Ordinal0 [0x002C5B35+1268533]
BaseThreadInitThunk [0x75F5F989+25]
RtlGetAppContainerNamedObjectPath [0x773B74B4+228]
RtlGetAppContainerNamedObjectPath [0x773B7484+180]
]]>
            </message>
            <full-stacktrace>
              <![CDATA[org.openqa.selenium.SessionNotCreatedException: session not created: This version of ChromeDriver only supports Chrome version 80
Build info: version: '3.141.59', revision: 'e82be7d358', time: '2018-11-14T08:17:03'
System info: host: 'LAPTOP-U70BNK13', ip: '192.168.1.2', os.name: 'Windows 10', os.arch: 'amd64', os.version: '10.0', java.version: '1.8.0_171'
Driver info: driver.version: ChromeDriver
remote stacktrace: Backtrace:
Ordinal0 [0x00330C83+1707139]
Ordinal0 [0x002968F1+1075441]
Ordinal0 [0x0020DFC9+516041]
Ordinal0 [0x001A0554+66900]
Ordinal0 [0x0019CCE2+52450]
Ordinal0 [0x001BBFD7+180183]
Ordinal0 [0x001BBDDD+179677]
Ordinal0 [0x001B9D4B+171339]
Ordinal0 [0x001A1D4A+73034]
Ordinal0 [0x001A2DC0+77248]
Ordinal0 [0x001A2D59+77145]
Ordinal0 [0x002ABB67+1162087]
GetHandleVerifier [0x003CA966+508998]
GetHandleVerifier [0x003CA6A4+508292]
GetHandleVerifier [0x003DF7B7+594583]
GetHandleVerifier [0x003CB1D6+511158]
Ordinal0 [0x002A402C+1130540]
Ordinal0 [0x002AD4CB+1168587]
Ordinal0 [0x002AD633+1168947]
Ordinal0 [0x002C5B35+1268533]
BaseThreadInitThunk [0x75F5F989+25]
RtlGetAppContainerNamedObjectPath [0x773B74B4+228]
RtlGetAppContainerNamedObjectPath [0x773B7484+180]

at sun.reflect.NativeConstructorAccessorImpl.newInstance0(Native Method)
at sun.reflect.NativeConstructorAccessorImpl.newInstance(Unknown Source)
at sun.reflect.DelegatingConstructorAccessorImpl.newInstance(Unknown Source)
at java.lang.reflect.Constructor.newInstance(Unknown Source)
at org.openqa.selenium.remote.W3CHandshakeResponse.lambda$errorHandler$0(W3CHandshakeResponse.java:62)
at org.openqa.selenium.remote.HandshakeResponse.lambda$getResponseFunction$0(HandshakeResponse.java:30)
at org.openqa.selenium.remote.ProtocolHandshake.lambda$createSession$0(ProtocolHandshake.java:126)
at java.util.stream.ReferencePipeline$3$1.accept(Unknown Source)
at java.util.Spliterators$ArraySpliterator.tryAdvance(Unknown Source)
at java.util.stream.ReferencePipeline.forEachWithCancel(Unknown Source)
at java.util.stream.AbstractPipeline.copyIntoWithCancel(Unknown Source)
at java.util.stream.AbstractPipeline.copyInto(Unknown Source)
at java.util.stream.AbstractPipeline.wrapAndCopyInto(Unknown Source)
at java.util.stream.FindOps$FindOp.evaluateSequential(Unknown Source)
at java.util.stream.AbstractPipeline.evaluate(Unknown Source)
at java.util.stream.ReferencePipeline.findFirst(Unknown Source)
at org.openqa.selenium.remote.ProtocolHandshake.createSession(ProtocolHandshake.java:128)
at org.openqa.selenium.remote.ProtocolHandshake.createSession(ProtocolHandshake.java:74)
at org.openqa.selenium.remote.HttpCommandExecutor.execute(HttpCommandExecutor.java:136)
at org.openqa.selenium.remote.service.DriverCommandExecutor.execute(DriverCommandExecutor.java:83)
at org.openqa.selenium.remote.RemoteWebDriver.execute(RemoteWebDriver.java:552)
at org.openqa.selenium.remote.RemoteWebDriver.startSession(RemoteWebDriver.java:213)
at org.openqa.selenium.remote.RemoteWebDriver.<init>(RemoteWebDriver.java:131)
at org.openqa.selenium.chrome.ChromeDriver.<init>(ChromeDriver.java:181)
at org.openqa.selenium.chrome.ChromeDriver.<init>(ChromeDriver.java:168)
at org.openqa.selenium.chrome.ChromeDriver.<init>(ChromeDriver.java:123)
at org.leaftaps.base.api.Superclassforparameterconcept.Login(Superclassforparameterconcept.java:26)
at sun.reflect.NativeMethodAccessorImpl.invoke0(Native Method)
at sun.reflect.NativeMethodAccessorImpl.invoke(Unknown Source)
at sun.reflect.DelegatingMethodAccessorImpl.invoke(Unknown Source)
at java.lang.reflect.Method.invoke(Unknown Source)
at org.testng.internal.MethodInvocationHelper.invokeMethod(MethodInvocationHelper.java:133)
at org.testng.internal.MethodInvocationHelper.invokeMethodConsideringTimeout(MethodInvocationHelper.java:62)
at org.testng.internal.ConfigInvoker.invokeConfigurationMethod(ConfigInvoker.java:340)
at org.testng.internal.ConfigInvoker.invokeConfigurations(ConfigInvoker.java:294)
at org.testng.internal.TestInvoker.runConfigMethods(TestInvoker.java:683)
at org.testng.internal.TestInvoker.invokeMethod(TestInvoker.java:510)
at org.testng.internal.TestInvoker.invokeTestMethod(TestInvoker.java:172)
at org.testng.internal.MethodRunner.runInSequence(MethodRunner.java:46)
at org.testng.internal.TestInvoker$MethodInvocationAgent.invoke(TestInvoker.java:804)
at org.testng.internal.TestInvoker.invokeTestMethods(TestInvoker.java:145)
at org.testng.internal.TestMethodWorker.invokeTestMethods(TestMethodWorker.java:146)
at org.testng.internal.TestMethodWorker.run(TestMethodWorker.java:128)
at java.util.ArrayList.forEach(Unknown Source)
at org.testng.TestRunner.privateRun(TestRunner.java:770)
at org.testng.TestRunner.run(TestRunner.java:591)
at org.testng.SuiteRunner.runTest(SuiteRunner.java:402)
at org.testng.SuiteRunner.runSequentially(SuiteRunner.java:396)
at org.testng.SuiteRunner.privateRun(SuiteRunner.java:355)
at org.testng.SuiteRunner.run(SuiteRunner.java:304)
at org.testng.SuiteRunnerWorker.runSuite(SuiteRunnerWorker.java:53)
at org.testng.SuiteRunnerWorker.run(SuiteRunnerWorker.java:96)
at org.testng.TestNG.runSuitesSequentially(TestNG.java:1180)
at org.testng.TestNG.runSuitesLocally(TestNG.java:1102)
at org.testng.TestNG.runSuites(TestNG.java:1032)
at org.testng.TestNG.run(TestNG.java:1000)
at org.testng.remote.AbstractRemoteTestNG.run(AbstractRemoteTestNG.java:115)
at org.testng.remote.RemoteTestNG.initAndRun(RemoteTestNG.java:251)
at org.testng.remote.RemoteTestNG.main(RemoteTestNG.java:77)
]]>
            </full-stacktrace>
          </exception> <!-- org.openqa.selenium.SessionNotCreatedException -->
          <reporter-output>
          </reporter-output>
        </test-method> <!-- createlead -->
        <test-method status="SKIP" signature="CloseBrowser()[pri:0, instance:org.leaftaps.Testcases.CreateLead@7f13d6e]" name="CloseBrowser" is-config="true" duration-ms="-1601210191810" started-at="2020-09-27T18:06:31 IST" finished-at="1970-01-01T05:30:00 IST">
          <reporter-output>
          </reporter-output>
        </test-method> <!-- CloseBrowser -->
      </class> <!-- org.leaftaps.Testcases.CreateLead -->
    </test> <!-- Test -->
  </suite> <!-- Suite -->
</testng-results>
